[2024-01-10 11:55:59] [INFO   ] player nemo를 생성했습니다. 
[2024-01-10 11:55:59] [INFO   ] player nemo를 초기화했습니다. 
[2024-01-10 11:55:59] [INFO   ] 게임을 시작합니다. 
[2024-01-10 11:55:59] [INFO   ] item stage에 진입했습니다. 
[2024-01-10 11:55:59] [INFO   ] 1 턴입니다. 
[2024-01-10 11:55:59] [INFO   ] nemo가 무기 망치 장착에 실패했습니다. 
[2024-01-10 11:55:59] [INFO   ] STR 타입 무기 망치 을/를 주웠습니다. 
[2024-01-10 11:56:07] [INFO   ] battle stage에 진입했습니다. 
[2024-01-10 11:56:07] [INFO   ] monster 코볼트 을/를 생성했습니다. 
[2024-01-10 11:56:07] [INFO   ] 2 턴입니다. 
[2024-01-10 11:56:07] [INFO   ] 유저가 공격합니다. 
[2024-01-10 11:56:07] [INFO   ] 몬스터 코볼트 이/가 데미지를 3 만큼 받았습니다. 
[2024-01-10 11:56:07] [INFO   ] 플레이어 nemo 의 현재 체력은 100 입니다 
[2024-01-10 11:56:07] [INFO   ] 몬스터 코볼트 의 현재 체력은 97입니다 
[2024-01-10 11:56:07] [INFO   ] monster 코볼트 이/가 공격합니다. 
[2024-01-10 11:56:07] [INFO   ] 플레이어 nemo 이/가 데미지를 1 만큼 받았습니다. 
[2024-01-10 11:56:07] [INFO   ] 플레이어 nemo 의 현재 체력은 99 입니다 
[2024-01-10 11:56:07] [INFO   ] 몬스터 코볼트 의 현재 체력은 97입니다 
[2024-01-10 11:56:07] [INFO   ] 3 턴입니다. 
[2024-01-10 11:56:07] [INFO   ] 유저가 공격합니다. 
[2024-01-10 11:56:07] [INFO   ] 몬스터 코볼트 이/가 데미지를 3 만큼 받았습니다. 
[2024-01-10 11:56:07] [INFO   ] 플레이어 nemo 의 현재 체력은 99 입니다 
[2024-01-10 11:56:07] [INFO   ] 몬스터 코볼트 의 현재 체력은 94입니다 
[2024-01-10 11:56:07] [INFO   ] monster 코볼트 이/가 공격합니다. 
[2024-01-10 11:56:07] [INFO   ] 플레이어 nemo 이/가 데미지를 1 만큼 받았습니다. 
[2024-01-10 11:56:07] [INFO   ] 플레이어 nemo 의 현재 체력은 98 입니다 
[2024-01-10 11:56:07] [INFO   ] 몬스터 코볼트 의 현재 체력은 94입니다 
[2024-01-10 11:56:07] [INFO   ] 4 턴입니다. 
[2024-01-10 11:56:07] [INFO   ] 유저가 공격합니다. 
[2024-01-10 11:56:07] [INFO   ] 몬스터 코볼트 이/가 데미지를 3 만큼 받았습니다. 
[2024-01-10 11:56:07] [INFO   ] 플레이어 nemo 의 현재 체력은 98 입니다 
[2024-01-10 11:56:07] [INFO   ] 몬스터 코볼트 의 현재 체력은 91입니다 
[2024-01-10 11:56:07] [INFO   ] monster 코볼트 이/가 공격합니다. 
[2024-01-10 11:56:07] [INFO   ] 플레이어 nemo 이/가 데미지를 1 만큼 받았습니다. 
[2024-01-10 11:56:07] [INFO   ] 플레이어 nemo 의 현재 체력은 97 입니다 
[2024-01-10 11:56:07] [INFO   ] 몬스터 코볼트 의 현재 체력은 91입니다 
[2024-01-10 11:56:07] [INFO   ] 5 턴입니다. 
[2024-01-10 11:56:07] [INFO   ] 유저가 공격합니다. 
[2024-01-10 11:56:07] [INFO   ] 몬스터 코볼트 이/가 데미지를 3 만큼 받았습니다. 
[2024-01-10 11:56:07] [INFO   ] 플레이어 nemo 의 현재 체력은 97 입니다 
[2024-01-10 11:56:07] [INFO   ] 몬스터 코볼트 의 현재 체력은 88입니다 
[2024-01-10 11:56:07] [INFO   ] monster 코볼트 이/가 공격합니다. 
[2024-01-10 11:56:07] [INFO   ] 플레이어 nemo 이/가 데미지를 1 만큼 받았습니다. 
[2024-01-10 11:56:07] [INFO   ] 플레이어 nemo 의 현재 체력은 96 입니다 
[2024-01-10 11:56:07] [INFO   ] 몬스터 코볼트 의 현재 체력은 88입니다 
[2024-01-10 11:56:07] [INFO   ] 6 턴입니다. 
[2024-01-10 11:56:07] [INFO   ] 유저가 공격합니다. 
[2024-01-10 11:56:07] [INFO   ] 몬스터 코볼트 이/가 데미지를 3 만큼 받았습니다. 
[2024-01-10 11:56:07] [INFO   ] 플레이어 nemo 의 현재 체력은 96 입니다 
[2024-01-10 11:56:07] [INFO   ] 몬스터 코볼트 의 현재 체력은 85입니다 
[2024-01-10 11:56:07] [INFO   ] monster 코볼트 이/가 공격합니다. 
[2024-01-10 11:56:07] [INFO   ] 플레이어 nemo 이/가 데미지를 1 만큼 받았습니다. 
[2024-01-10 11:56:07] [INFO   ] 플레이어 nemo 의 현재 체력은 95 입니다 
[2024-01-10 11:56:07] [INFO   ] 몬스터 코볼트 의 현재 체력은 85입니다 
[2024-01-10 11:56:07] [INFO   ] 7 턴입니다. 
[2024-01-10 11:56:07] [INFO   ] 유저가 공격합니다. 
[2024-01-10 11:56:07] [INFO   ] 몬스터 코볼트 이/가 데미지를 3 만큼 받았습니다. 
[2024-01-10 11:56:07] [INFO   ] 플레이어 nemo 의 현재 체력은 95 입니다 
[2024-01-10 11:56:07] [INFO   ] 몬스터 코볼트 의 현재 체력은 82입니다 
[2024-01-10 11:56:07] [INFO   ] monster 코볼트 이/가 공격합니다. 
[2024-01-10 11:56:07] [INFO   ] 플레이어 nemo 이/가 데미지를 1 만큼 받았습니다. 
[2024-01-10 11:56:07] [INFO   ] 플레이어 nemo 의 현재 체력은 94 입니다 
[2024-01-10 11:56:07] [INFO   ] 몬스터 코볼트 의 현재 체력은 82입니다 
[2024-01-10 11:56:07] [INFO   ] 8 턴입니다. 
[2024-01-10 11:56:07] [INFO   ] 유저가 공격합니다. 
[2024-01-10 11:56:07] [INFO   ] 몬스터 코볼트 이/가 데미지를 3 만큼 받았습니다. 
[2024-01-10 11:56:07] [INFO   ] 플레이어 nemo 의 현재 체력은 94 입니다 
[2024-01-10 11:56:07] [INFO   ] 몬스터 코볼트 의 현재 체력은 79입니다 
[2024-01-10 11:56:07] [INFO   ] monster 코볼트 이/가 공격합니다. 
[2024-01-10 11:56:07] [INFO   ] 플레이어 nemo 이/가 데미지를 1 만큼 받았습니다. 
[2024-01-10 11:56:07] [INFO   ] 플레이어 nemo 의 현재 체력은 93 입니다 
[2024-01-10 11:56:07] [INFO   ] 몬스터 코볼트 의 현재 체력은 79입니다 
[2024-01-10 11:56:07] [INFO   ] 9 턴입니다. 
[2024-01-10 11:56:07] [INFO   ] 유저가 공격합니다. 
[2024-01-10 11:56:07] [INFO   ] 몬스터 코볼트 이/가 데미지를 3 만큼 받았습니다. 
[2024-01-10 11:56:07] [INFO   ] 플레이어 nemo 의 현재 체력은 93 입니다 
[2024-01-10 11:56:07] [INFO   ] 몬스터 코볼트 의 현재 체력은 76입니다 
[2024-01-10 11:56:07] [INFO   ] monster 코볼트 이/가 공격합니다. 
[2024-01-10 11:56:07] [INFO   ] 플레이어 nemo 이/가 데미지를 1 만큼 받았습니다. 
[2024-01-10 11:56:07] [INFO   ] 플레이어 nemo 의 현재 체력은 92 입니다 
[2024-01-10 11:56:07] [INFO   ] 몬스터 코볼트 의 현재 체력은 76입니다 
[2024-01-10 11:56:07] [INFO   ] 10 턴입니다. 
[2024-01-10 11:56:07] [INFO   ] 유저가 공격합니다. 
[2024-01-10 11:56:07] [INFO   ] 몬스터 코볼트 이/가 데미지를 3 만큼 받았습니다. 
[2024-01-10 11:56:07] [INFO   ] 플레이어 nemo 의 현재 체력은 92 입니다 
[2024-01-10 11:56:07] [INFO   ] 몬스터 코볼트 의 현재 체력은 73입니다 
[2024-01-10 11:56:07] [INFO   ] monster 코볼트 이/가 공격합니다. 
[2024-01-10 11:56:07] [INFO   ] 플레이어 nemo 이/가 데미지를 1 만큼 받았습니다. 
[2024-01-10 11:56:07] [INFO   ] 플레이어 nemo 의 현재 체력은 91 입니다 
[2024-01-10 11:56:07] [INFO   ] 몬스터 코볼트 의 현재 체력은 73입니다 
[2024-01-10 11:56:07] [INFO   ] 11 턴입니다. 
[2024-01-10 11:56:07] [INFO   ] 유저가 공격합니다. 
[2024-01-10 11:56:07] [INFO   ] 몬스터 코볼트 이/가 데미지를 3 만큼 받았습니다. 
[2024-01-10 11:56:07] [INFO   ] 플레이어 nemo 의 현재 체력은 91 입니다 
[2024-01-10 11:56:07] [INFO   ] 몬스터 코볼트 의 현재 체력은 70입니다 
[2024-01-10 11:56:07] [INFO   ] monster 코볼트 이/가 공격합니다. 
[2024-01-10 11:56:07] [INFO   ] 플레이어 nemo 이/가 데미지를 1 만큼 받았습니다. 
[2024-01-10 11:56:07] [INFO   ] 플레이어 nemo 의 현재 체력은 90 입니다 
[2024-01-10 11:56:07] [INFO   ] 몬스터 코볼트 의 현재 체력은 70입니다 
[2024-01-10 11:56:07] [INFO   ] 12 턴입니다. 
[2024-01-10 11:56:07] [INFO   ] 유저가 공격합니다. 
[2024-01-10 11:56:07] [INFO   ] 몬스터 코볼트 이/가 데미지를 3 만큼 받았습니다. 
[2024-01-10 11:56:07] [INFO   ] 플레이어 nemo 의 현재 체력은 90 입니다 
[2024-01-10 11:56:07] [INFO   ] 몬스터 코볼트 의 현재 체력은 67입니다 
[2024-01-10 11:56:07] [INFO   ] monster 코볼트 이/가 공격합니다. 
[2024-01-10 11:56:07] [INFO   ] 플레이어 nemo 이/가 데미지를 1 만큼 받았습니다. 
[2024-01-10 11:56:07] [INFO   ] 플레이어 nemo 의 현재 체력은 89 입니다 
[2024-01-10 11:56:07] [INFO   ] 몬스터 코볼트 의 현재 체력은 67입니다 
[2024-01-10 11:56:07] [INFO   ] 13 턴입니다. 
[2024-01-10 11:56:07] [INFO   ] 유저가 공격합니다. 
[2024-01-10 11:56:07] [INFO   ] 몬스터 코볼트 이/가 데미지를 3 만큼 받았습니다. 
[2024-01-10 11:56:07] [INFO   ] 플레이어 nemo 의 현재 체력은 89 입니다 
[2024-01-10 11:56:07] [INFO   ] 몬스터 코볼트 의 현재 체력은 64입니다 
[2024-01-10 11:56:07] [INFO   ] monster 코볼트 이/가 공격합니다. 
[2024-01-10 11:56:07] [INFO   ] 플레이어 nemo 이/가 데미지를 1 만큼 받았습니다. 
[2024-01-10 11:56:07] [INFO   ] 플레이어 nemo 의 현재 체력은 88 입니다 
[2024-01-10 11:56:07] [INFO   ] 몬스터 코볼트 의 현재 체력은 64입니다 
[2024-01-10 11:56:07] [INFO   ] 14 턴입니다. 
[2024-01-10 11:56:07] [INFO   ] 유저가 공격합니다. 
[2024-01-10 11:56:07] [INFO   ] 몬스터 코볼트 이/가 데미지를 3 만큼 받았습니다. 
[2024-01-10 11:56:07] [INFO   ] 플레이어 nemo 의 현재 체력은 88 입니다 
[2024-01-10 11:56:07] [INFO   ] 몬스터 코볼트 의 현재 체력은 61입니다 
[2024-01-10 11:56:07] [INFO   ] monster 코볼트 이/가 공격합니다. 
[2024-01-10 11:56:07] [INFO   ] 플레이어 nemo 이/가 데미지를 1 만큼 받았습니다. 
[2024-01-10 11:56:07] [INFO   ] 플레이어 nemo 의 현재 체력은 87 입니다 
[2024-01-10 11:56:07] [INFO   ] 몬스터 코볼트 의 현재 체력은 61입니다 
[2024-01-10 11:56:07] [INFO   ] 15 턴입니다. 
[2024-01-10 11:56:07] [INFO   ] 유저가 공격합니다. 
[2024-01-10 11:56:07] [INFO   ] 몬스터 코볼트 이/가 데미지를 3 만큼 받았습니다. 
[2024-01-10 11:56:07] [INFO   ] 플레이어 nemo 의 현재 체력은 87 입니다 
[2024-01-10 11:56:07] [INFO   ] 몬스터 코볼트 의 현재 체력은 58입니다 
[2024-01-10 11:56:07] [INFO   ] monster 코볼트 이/가 공격합니다. 
[2024-01-10 11:56:07] [INFO   ] 플레이어 nemo 이/가 데미지를 1 만큼 받았습니다. 
[2024-01-10 11:56:07] [INFO   ] 플레이어 nemo 의 현재 체력은 86 입니다 
[2024-01-10 11:56:07] [INFO   ] 몬스터 코볼트 의 현재 체력은 58입니다 
[2024-01-10 11:56:07] [INFO   ] 16 턴입니다. 
[2024-01-10 11:56:07] [INFO   ] 유저가 공격합니다. 
[2024-01-10 11:56:07] [INFO   ] 몬스터 코볼트 이/가 데미지를 3 만큼 받았습니다. 
[2024-01-10 11:56:07] [INFO   ] 플레이어 nemo 의 현재 체력은 86 입니다 
[2024-01-10 11:56:07] [INFO   ] 몬스터 코볼트 의 현재 체력은 55입니다 
[2024-01-10 11:56:07] [INFO   ] monster 코볼트 이/가 공격합니다. 
[2024-01-10 11:56:07] [INFO   ] 플레이어 nemo 이/가 데미지를 1 만큼 받았습니다. 
[2024-01-10 11:56:07] [INFO   ] 플레이어 nemo 의 현재 체력은 85 입니다 
[2024-01-10 11:56:07] [INFO   ] 몬스터 코볼트 의 현재 체력은 55입니다 
[2024-01-10 11:56:07] [INFO   ] 17 턴입니다. 
[2024-01-10 11:56:07] [INFO   ] 유저가 공격합니다. 
[2024-01-10 11:56:07] [INFO   ] 몬스터 코볼트 이/가 데미지를 3 만큼 받았습니다. 
[2024-01-10 11:56:07] [INFO   ] 플레이어 nemo 의 현재 체력은 85 입니다 
[2024-01-10 11:56:07] [INFO   ] 몬스터 코볼트 의 현재 체력은 52입니다 
[2024-01-10 11:56:07] [INFO   ] monster 코볼트 이/가 공격합니다. 
[2024-01-10 11:56:07] [INFO   ] 플레이어 nemo 이/가 데미지를 1 만큼 받았습니다. 
[2024-01-10 11:56:07] [INFO   ] 플레이어 nemo 의 현재 체력은 84 입니다 
[2024-01-10 11:56:07] [INFO   ] 몬스터 코볼트 의 현재 체력은 52입니다 
[2024-01-10 11:56:07] [INFO   ] 18 턴입니다. 
[2024-01-10 11:56:07] [INFO   ] 유저가 공격합니다. 
[2024-01-10 11:56:07] [INFO   ] 몬스터 코볼트 이/가 데미지를 3 만큼 받았습니다. 
[2024-01-10 11:56:07] [INFO   ] 플레이어 nemo 의 현재 체력은 84 입니다 
[2024-01-10 11:56:07] [INFO   ] 몬스터 코볼트 의 현재 체력은 49입니다 
[2024-01-10 11:56:07] [INFO   ] monster 코볼트 이/가 공격합니다. 
[2024-01-10 11:56:07] [INFO   ] 플레이어 nemo 이/가 데미지를 1 만큼 받았습니다. 
[2024-01-10 11:56:07] [INFO   ] 플레이어 nemo 의 현재 체력은 83 입니다 
[2024-01-10 11:56:07] [INFO   ] 몬스터 코볼트 의 현재 체력은 49입니다 
[2024-01-10 11:56:07] [INFO   ] 19 턴입니다. 
[2024-01-10 11:56:07] [INFO   ] 유저가 공격합니다. 
[2024-01-10 11:56:07] [INFO   ] 몬스터 코볼트 이/가 데미지를 3 만큼 받았습니다. 
[2024-01-10 11:56:07] [INFO   ] 플레이어 nemo 의 현재 체력은 83 입니다 
[2024-01-10 11:56:07] [INFO   ] 몬스터 코볼트 의 현재 체력은 46입니다 
[2024-01-10 11:56:07] [INFO   ] monster 코볼트 이/가 공격합니다. 
[2024-01-10 11:56:07] [INFO   ] 플레이어 nemo 이/가 데미지를 1 만큼 받았습니다. 
[2024-01-10 11:56:07] [INFO   ] 플레이어 nemo 의 현재 체력은 82 입니다 
[2024-01-10 11:56:07] [INFO   ] 몬스터 코볼트 의 현재 체력은 46입니다 
[2024-01-10 11:56:07] [INFO   ] 20 턴입니다. 
[2024-01-10 11:56:07] [INFO   ] 유저가 공격합니다. 
[2024-01-10 11:56:07] [INFO   ] 몬스터 코볼트 이/가 데미지를 3 만큼 받았습니다. 
[2024-01-10 11:56:07] [INFO   ] 플레이어 nemo 의 현재 체력은 82 입니다 
[2024-01-10 11:56:07] [INFO   ] 몬스터 코볼트 의 현재 체력은 43입니다 
[2024-01-10 11:56:07] [INFO   ] monster 코볼트 이/가 공격합니다. 
[2024-01-10 11:56:07] [INFO   ] 플레이어 nemo 이/가 데미지를 1 만큼 받았습니다. 
[2024-01-10 11:56:07] [INFO   ] 플레이어 nemo 의 현재 체력은 81 입니다 
[2024-01-10 11:56:07] [INFO   ] 몬스터 코볼트 의 현재 체력은 43입니다 
[2024-01-10 11:56:07] [INFO   ] 21 턴입니다. 
[2024-01-10 11:56:07] [INFO   ] 유저가 공격합니다. 
[2024-01-10 11:56:07] [INFO   ] 몬스터 코볼트 이/가 데미지를 3 만큼 받았습니다. 
[2024-01-10 11:56:07] [INFO   ] 플레이어 nemo 의 현재 체력은 81 입니다 
[2024-01-10 11:56:07] [INFO   ] 몬스터 코볼트 의 현재 체력은 40입니다 
[2024-01-10 11:56:07] [INFO   ] monster 코볼트 이/가 공격합니다. 
[2024-01-10 11:56:07] [INFO   ] 플레이어 nemo 이/가 데미지를 1 만큼 받았습니다. 
[2024-01-10 11:56:07] [INFO   ] 플레이어 nemo 의 현재 체력은 80 입니다 
[2024-01-10 11:56:07] [INFO   ] 몬스터 코볼트 의 현재 체력은 40입니다 
[2024-01-10 11:56:07] [INFO   ] 22 턴입니다. 
[2024-01-10 11:56:07] [INFO   ] 유저가 공격합니다. 
[2024-01-10 11:56:07] [INFO   ] 몬스터 코볼트 이/가 데미지를 3 만큼 받았습니다. 
[2024-01-10 11:56:07] [INFO   ] 플레이어 nemo 의 현재 체력은 80 입니다 
[2024-01-10 11:56:07] [INFO   ] 몬스터 코볼트 의 현재 체력은 37입니다 
[2024-01-10 11:56:07] [INFO   ] monster 코볼트 이/가 공격합니다. 
[2024-01-10 11:56:07] [INFO   ] 플레이어 nemo 이/가 데미지를 1 만큼 받았습니다. 
[2024-01-10 11:56:07] [INFO   ] 플레이어 nemo 의 현재 체력은 79 입니다 
[2024-01-10 11:56:07] [INFO   ] 몬스터 코볼트 의 현재 체력은 37입니다 
[2024-01-10 11:56:07] [INFO   ] 23 턴입니다. 
[2024-01-10 11:56:07] [INFO   ] 유저가 공격합니다. 
[2024-01-10 11:56:07] [INFO   ] 몬스터 코볼트 이/가 데미지를 3 만큼 받았습니다. 
[2024-01-10 11:56:07] [INFO   ] 플레이어 nemo 의 현재 체력은 79 입니다 
[2024-01-10 11:56:07] [INFO   ] 몬스터 코볼트 의 현재 체력은 34입니다 
[2024-01-10 11:56:07] [INFO   ] monster 코볼트 이/가 공격합니다. 
[2024-01-10 11:56:07] [INFO   ] 플레이어 nemo 이/가 데미지를 1 만큼 받았습니다. 
[2024-01-10 11:56:07] [INFO   ] 플레이어 nemo 의 현재 체력은 78 입니다 
[2024-01-10 11:56:07] [INFO   ] 몬스터 코볼트 의 현재 체력은 34입니다 
[2024-01-10 11:56:07] [INFO   ] 24 턴입니다. 
[2024-01-10 11:56:07] [INFO   ] 유저가 공격합니다. 
[2024-01-10 11:56:07] [INFO   ] 몬스터 코볼트 이/가 데미지를 3 만큼 받았습니다. 
[2024-01-10 11:56:07] [INFO   ] 플레이어 nemo 의 현재 체력은 78 입니다 
[2024-01-10 11:56:07] [INFO   ] 몬스터 코볼트 의 현재 체력은 31입니다 
[2024-01-10 11:56:07] [INFO   ] monster 코볼트 이/가 공격합니다. 
[2024-01-10 11:56:07] [INFO   ] 플레이어 nemo 이/가 데미지를 1 만큼 받았습니다. 
[2024-01-10 11:56:07] [INFO   ] 플레이어 nemo 의 현재 체력은 77 입니다 
[2024-01-10 11:56:07] [INFO   ] 몬스터 코볼트 의 현재 체력은 31입니다 
[2024-01-10 11:56:07] [INFO   ] 25 턴입니다. 
[2024-01-10 11:56:07] [INFO   ] 유저가 공격합니다. 
[2024-01-10 11:56:07] [INFO   ] 몬스터 코볼트 이/가 데미지를 3 만큼 받았습니다. 
[2024-01-10 11:56:07] [INFO   ] 플레이어 nemo 의 현재 체력은 77 입니다 
[2024-01-10 11:56:07] [INFO   ] 몬스터 코볼트 의 현재 체력은 28입니다 
[2024-01-10 11:56:07] [INFO   ] monster 코볼트 이/가 공격합니다. 
[2024-01-10 11:56:07] [INFO   ] 플레이어 nemo 이/가 데미지를 1 만큼 받았습니다. 
[2024-01-10 11:56:07] [INFO   ] 플레이어 nemo 의 현재 체력은 76 입니다 
[2024-01-10 11:56:07] [INFO   ] 몬스터 코볼트 의 현재 체력은 28입니다 
[2024-01-10 11:56:07] [INFO   ] 26 턴입니다. 
[2024-01-10 11:56:07] [INFO   ] 유저가 공격합니다. 
[2024-01-10 11:56:07] [INFO   ] 몬스터 코볼트 이/가 데미지를 3 만큼 받았습니다. 
[2024-01-10 11:56:07] [INFO   ] 플레이어 nemo 의 현재 체력은 76 입니다 
[2024-01-10 11:56:07] [INFO   ] 몬스터 코볼트 의 현재 체력은 25입니다 
[2024-01-10 11:56:07] [INFO   ] monster 코볼트 이/가 공격합니다. 
[2024-01-10 11:56:07] [INFO   ] 플레이어 nemo 이/가 데미지를 1 만큼 받았습니다. 
[2024-01-10 11:56:07] [INFO   ] 플레이어 nemo 의 현재 체력은 75 입니다 
[2024-01-10 11:56:07] [INFO   ] 몬스터 코볼트 의 현재 체력은 25입니다 
[2024-01-10 11:56:07] [INFO   ] 27 턴입니다. 
[2024-01-10 11:56:07] [INFO   ] 유저가 공격합니다. 
[2024-01-10 11:56:07] [INFO   ] 몬스터 코볼트 이/가 데미지를 3 만큼 받았습니다. 
[2024-01-10 11:56:07] [INFO   ] 플레이어 nemo 의 현재 체력은 75 입니다 
[2024-01-10 11:56:07] [INFO   ] 몬스터 코볼트 의 현재 체력은 22입니다 
[2024-01-10 11:56:07] [INFO   ] monster 코볼트 이/가 공격합니다. 
[2024-01-10 11:56:07] [INFO   ] 플레이어 nemo 이/가 데미지를 1 만큼 받았습니다. 
[2024-01-10 11:56:07] [INFO   ] 플레이어 nemo 의 현재 체력은 74 입니다 
[2024-01-10 11:56:07] [INFO   ] 몬스터 코볼트 의 현재 체력은 22입니다 
[2024-01-10 11:56:07] [INFO   ] 28 턴입니다. 
[2024-01-10 11:56:07] [INFO   ] 유저가 공격합니다. 
[2024-01-10 11:56:07] [INFO   ] 몬스터 코볼트 이/가 데미지를 3 만큼 받았습니다. 
[2024-01-10 11:56:07] [INFO   ] 플레이어 nemo 의 현재 체력은 74 입니다 
[2024-01-10 11:56:07] [INFO   ] 몬스터 코볼트 의 현재 체력은 19입니다 
[2024-01-10 11:56:07] [INFO   ] monster 코볼트 이/가 공격합니다. 
[2024-01-10 11:56:07] [INFO   ] 플레이어 nemo 이/가 데미지를 1 만큼 받았습니다. 
[2024-01-10 11:56:07] [INFO   ] 플레이어 nemo 의 현재 체력은 73 입니다 
[2024-01-10 11:56:07] [INFO   ] 몬스터 코볼트 의 현재 체력은 19입니다 
[2024-01-10 11:56:07] [INFO   ] 29 턴입니다. 
[2024-01-10 11:56:07] [INFO   ] 유저가 공격합니다. 
[2024-01-10 11:56:07] [INFO   ] 몬스터 코볼트 이/가 데미지를 3 만큼 받았습니다. 
[2024-01-10 11:56:07] [INFO   ] 플레이어 nemo 의 현재 체력은 73 입니다 
[2024-01-10 11:56:07] [INFO   ] 몬스터 코볼트 의 현재 체력은 16입니다 
[2024-01-10 11:56:07] [INFO   ] monster 코볼트 이/가 공격합니다. 
[2024-01-10 11:56:07] [INFO   ] 플레이어 nemo 이/가 데미지를 1 만큼 받았습니다. 
[2024-01-10 11:56:07] [INFO   ] 플레이어 nemo 의 현재 체력은 72 입니다 
[2024-01-10 11:56:07] [INFO   ] 몬스터 코볼트 의 현재 체력은 16입니다 
[2024-01-10 11:56:07] [INFO   ] 30 턴입니다. 
[2024-01-10 11:56:07] [INFO   ] 유저가 공격합니다. 
[2024-01-10 11:56:07] [INFO   ] 몬스터 코볼트 이/가 데미지를 3 만큼 받았습니다. 
[2024-01-10 11:56:07] [INFO   ] 플레이어 nemo 의 현재 체력은 72 입니다 
[2024-01-10 11:56:07] [INFO   ] 몬스터 코볼트 의 현재 체력은 13입니다 
[2024-01-10 11:56:07] [INFO   ] monster 코볼트 이/가 공격합니다. 
[2024-01-10 11:56:07] [INFO   ] 플레이어 nemo 이/가 데미지를 1 만큼 받았습니다. 
[2024-01-10 11:56:07] [INFO   ] 플레이어 nemo 의 현재 체력은 71 입니다 
[2024-01-10 11:56:07] [INFO   ] 몬스터 코볼트 의 현재 체력은 13입니다 
[2024-01-10 11:56:07] [INFO   ] 31 턴입니다. 
[2024-01-10 11:56:07] [INFO   ] 유저가 공격합니다. 
[2024-01-10 11:56:07] [INFO   ] 몬스터 코볼트 이/가 데미지를 3 만큼 받았습니다. 
[2024-01-10 11:56:07] [INFO   ] 플레이어 nemo 의 현재 체력은 71 입니다 
[2024-01-10 11:56:07] [INFO   ] 몬스터 코볼트 의 현재 체력은 10입니다 
[2024-01-10 11:56:07] [INFO   ] monster 코볼트 이/가 공격합니다. 
[2024-01-10 11:56:07] [INFO   ] 플레이어 nemo 이/가 데미지를 1 만큼 받았습니다. 
[2024-01-10 11:56:07] [INFO   ] 플레이어 nemo 의 현재 체력은 70 입니다 
[2024-01-10 11:56:07] [INFO   ] 몬스터 코볼트 의 현재 체력은 10입니다 
[2024-01-10 11:56:07] [INFO   ] 32 턴입니다. 
[2024-01-10 11:56:07] [INFO   ] 유저가 공격합니다. 
[2024-01-10 11:56:07] [INFO   ] 몬스터 코볼트 이/가 데미지를 3 만큼 받았습니다. 
[2024-01-10 11:56:07] [INFO   ] 플레이어 nemo 의 현재 체력은 70 입니다 
[2024-01-10 11:56:07] [INFO   ] 몬스터 코볼트 의 현재 체력은 7입니다 
[2024-01-10 11:56:07] [INFO   ] monster 코볼트 이/가 공격합니다. 
[2024-01-10 11:56:07] [INFO   ] 플레이어 nemo 이/가 데미지를 1 만큼 받았습니다. 
[2024-01-10 11:56:07] [INFO   ] 플레이어 nemo 의 현재 체력은 69 입니다 
[2024-01-10 11:56:07] [INFO   ] 몬스터 코볼트 의 현재 체력은 7입니다 
[2024-01-10 11:56:07] [INFO   ] 33 턴입니다. 
[2024-01-10 11:56:07] [INFO   ] 유저가 공격합니다. 
[2024-01-10 11:56:07] [INFO   ] 몬스터 코볼트 이/가 데미지를 3 만큼 받았습니다. 
[2024-01-10 11:56:07] [INFO   ] 플레이어 nemo 의 현재 체력은 69 입니다 
[2024-01-10 11:56:07] [INFO   ] 몬스터 코볼트 의 현재 체력은 4입니다 
[2024-01-10 11:56:07] [INFO   ] monster 코볼트 이/가 공격합니다. 
[2024-01-10 11:56:07] [INFO   ] 플레이어 nemo 이/가 데미지를 1 만큼 받았습니다. 
[2024-01-10 11:56:07] [INFO   ] 플레이어 nemo 의 현재 체력은 68 입니다 
[2024-01-10 11:56:07] [INFO   ] 몬스터 코볼트 의 현재 체력은 4입니다 
[2024-01-10 11:56:07] [INFO   ] 34 턴입니다. 
[2024-01-10 11:56:07] [INFO   ] 유저가 공격합니다. 
[2024-01-10 11:56:07] [INFO   ] 몬스터 코볼트 이/가 데미지를 3 만큼 받았습니다. 
[2024-01-10 11:56:07] [INFO   ] 플레이어 nemo 의 현재 체력은 68 입니다 
[2024-01-10 11:56:07] [INFO   ] 몬스터 코볼트 의 현재 체력은 1입니다 
[2024-01-10 11:56:07] [INFO   ] monster 코볼트 이/가 공격합니다. 
[2024-01-10 11:56:07] [INFO   ] 플레이어 nemo 이/가 데미지를 1 만큼 받았습니다. 
[2024-01-10 11:56:07] [INFO   ] 플레이어 nemo 의 현재 체력은 67 입니다 
[2024-01-10 11:56:07] [INFO   ] 몬스터 코볼트 의 현재 체력은 1입니다 
[2024-01-10 11:56:07] [INFO   ] 35 턴입니다. 
[2024-01-10 11:56:07] [INFO   ] 유저가 공격합니다. 
[2024-01-10 11:56:07] [INFO   ] 몬스터 코볼트 이/가 데미지를 3 만큼 받았습니다. 
[2024-01-10 11:56:07] [INFO   ] 플레이어 nemo 의 현재 체력은 67 입니다 
[2024-01-10 11:56:07] [INFO   ] 몬스터 코볼트 의 현재 체력은 -2입니다 
[2024-01-10 11:56:07] [SEVERE ] 몬스터 코볼트 이/가 죽었습니다. 
[2024-01-10 11:56:07] [INFO   ] battle stage가 종료합니다. 
[2024-01-10 11:56:09] [INFO   ] item stage에 진입했습니다. 
[2024-01-10 11:56:09] [INFO   ] 36 턴입니다. 
[2024-01-10 11:56:09] [INFO   ] nemo가 무기 활 장착에 실패했습니다. 
[2024-01-10 11:56:09] [INFO   ] INT 타입 무기 활 을/를 주웠습니다. 
[2024-01-10 11:56:11] [INFO   ] item stage에 진입했습니다. 
[2024-01-10 11:56:11] [INFO   ] 37 턴입니다. 
[2024-01-10 11:56:11] [INFO   ] 아이템 신속 물약 을/를 사용하여 플레이어 nemo 의 체력이 107 이/가 되었습니다. 
[2024-01-10 11:56:11] [INFO   ] 아이템 신속 물약 을/를 주웠습니다. 
[2024-01-10 11:56:13] [INFO   ] battle stage에 진입했습니다. 
[2024-01-10 11:56:13] [INFO   ] monster 그림린 을/를 생성했습니다. 
[2024-01-10 11:56:13] [INFO   ] 38 턴입니다. 
[2024-01-10 11:56:13] [INFO   ] 유저가 공격합니다. 
[2024-01-10 11:56:13] [INFO   ] 몬스터 그림린 이/가 데미지를 3 만큼 받았습니다. 
[2024-01-10 11:56:13] [INFO   ] 플레이어 nemo 의 현재 체력은 107 입니다 
[2024-01-10 11:56:13] [INFO   ] 몬스터 그림린 의 현재 체력은 97입니다 
[2024-01-10 11:56:13] [INFO   ] monster 그림린 이/가 공격합니다. 
[2024-01-10 11:56:13] [INFO   ] 플레이어 nemo 이/가 데미지를 1 만큼 받았습니다. 
[2024-01-10 11:56:13] [INFO   ] 플레이어 nemo 의 현재 체력은 106 입니다 
[2024-01-10 11:56:13] [INFO   ] 몬스터 그림린 의 현재 체력은 97입니다 
[2024-01-10 11:56:13] [INFO   ] 39 턴입니다. 
[2024-01-10 11:56:13] [INFO   ] 유저가 공격합니다. 
[2024-01-10 11:56:13] [INFO   ] 몬스터 그림린 이/가 데미지를 3 만큼 받았습니다. 
[2024-01-10 11:56:13] [INFO   ] 플레이어 nemo 의 현재 체력은 106 입니다 
[2024-01-10 11:56:13] [INFO   ] 몬스터 그림린 의 현재 체력은 94입니다 
[2024-01-10 11:56:13] [INFO   ] monster 그림린 이/가 공격합니다. 
[2024-01-10 11:56:13] [INFO   ] 플레이어 nemo 이/가 데미지를 1 만큼 받았습니다. 
[2024-01-10 11:56:13] [INFO   ] 플레이어 nemo 의 현재 체력은 105 입니다 
[2024-01-10 11:56:13] [INFO   ] 몬스터 그림린 의 현재 체력은 94입니다 
[2024-01-10 11:56:13] [INFO   ] 40 턴입니다. 
[2024-01-10 11:56:13] [INFO   ] 유저가 공격합니다. 
[2024-01-10 11:56:13] [INFO   ] 몬스터 그림린 이/가 데미지를 3 만큼 받았습니다. 
[2024-01-10 11:56:13] [INFO   ] 플레이어 nemo 의 현재 체력은 105 입니다 
[2024-01-10 11:56:13] [INFO   ] 몬스터 그림린 의 현재 체력은 91입니다 
[2024-01-10 11:56:13] [INFO   ] monster 그림린 이/가 공격합니다. 
[2024-01-10 11:56:13] [INFO   ] 플레이어 nemo 이/가 데미지를 1 만큼 받았습니다. 
[2024-01-10 11:56:13] [INFO   ] 플레이어 nemo 의 현재 체력은 104 입니다 
[2024-01-10 11:56:13] [INFO   ] 몬스터 그림린 의 현재 체력은 91입니다 
[2024-01-10 11:56:13] [INFO   ] 41 턴입니다. 
[2024-01-10 11:56:13] [INFO   ] 유저가 공격합니다. 
[2024-01-10 11:56:13] [INFO   ] 몬스터 그림린 이/가 데미지를 3 만큼 받았습니다. 
[2024-01-10 11:56:13] [INFO   ] 플레이어 nemo 의 현재 체력은 104 입니다 
[2024-01-10 11:56:13] [INFO   ] 몬스터 그림린 의 현재 체력은 88입니다 
[2024-01-10 11:56:13] [INFO   ] monster 그림린 이/가 공격합니다. 
[2024-01-10 11:56:13] [INFO   ] 플레이어 nemo 이/가 데미지를 1 만큼 받았습니다. 
[2024-01-10 11:56:13] [INFO   ] 플레이어 nemo 의 현재 체력은 103 입니다 
[2024-01-10 11:56:13] [INFO   ] 몬스터 그림린 의 현재 체력은 88입니다 
[2024-01-10 11:56:13] [INFO   ] 42 턴입니다. 
[2024-01-10 11:56:13] [INFO   ] 유저가 공격합니다. 
[2024-01-10 11:56:13] [INFO   ] 몬스터 그림린 이/가 데미지를 3 만큼 받았습니다. 
[2024-01-10 11:56:13] [INFO   ] 플레이어 nemo 의 현재 체력은 103 입니다 
[2024-01-10 11:56:13] [INFO   ] 몬스터 그림린 의 현재 체력은 85입니다 
[2024-01-10 11:56:13] [INFO   ] monster 그림린 이/가 공격합니다. 
[2024-01-10 11:56:13] [INFO   ] 플레이어 nemo 이/가 데미지를 1 만큼 받았습니다. 
[2024-01-10 11:56:13] [INFO   ] 플레이어 nemo 의 현재 체력은 102 입니다 
[2024-01-10 11:56:13] [INFO   ] 몬스터 그림린 의 현재 체력은 85입니다 
[2024-01-10 11:56:13] [INFO   ] 43 턴입니다. 
[2024-01-10 11:56:13] [INFO   ] 유저가 공격합니다. 
[2024-01-10 11:56:13] [INFO   ] 몬스터 그림린 이/가 데미지를 3 만큼 받았습니다. 
[2024-01-10 11:56:13] [INFO   ] 플레이어 nemo 의 현재 체력은 102 입니다 
[2024-01-10 11:56:13] [INFO   ] 몬스터 그림린 의 현재 체력은 82입니다 
[2024-01-10 11:56:13] [INFO   ] monster 그림린 이/가 공격합니다. 
[2024-01-10 11:56:13] [INFO   ] 플레이어 nemo 이/가 데미지를 1 만큼 받았습니다. 
[2024-01-10 11:56:13] [INFO   ] 플레이어 nemo 의 현재 체력은 101 입니다 
[2024-01-10 11:56:13] [INFO   ] 몬스터 그림린 의 현재 체력은 82입니다 
[2024-01-10 11:56:13] [INFO   ] 44 턴입니다. 
[2024-01-10 11:56:13] [INFO   ] 유저가 공격합니다. 
[2024-01-10 11:56:13] [INFO   ] 몬스터 그림린 이/가 데미지를 3 만큼 받았습니다. 
[2024-01-10 11:56:13] [INFO   ] 플레이어 nemo 의 현재 체력은 101 입니다 
[2024-01-10 11:56:13] [INFO   ] 몬스터 그림린 의 현재 체력은 79입니다 
[2024-01-10 11:56:13] [INFO   ] monster 그림린 이/가 공격합니다. 
[2024-01-10 11:56:13] [INFO   ] 플레이어 nemo 이/가 데미지를 1 만큼 받았습니다. 
[2024-01-10 11:56:13] [INFO   ] 플레이어 nemo 의 현재 체력은 100 입니다 
[2024-01-10 11:56:13] [INFO   ] 몬스터 그림린 의 현재 체력은 79입니다 
[2024-01-10 11:56:13] [INFO   ] 45 턴입니다. 
[2024-01-10 11:56:13] [INFO   ] 유저가 공격합니다. 
[2024-01-10 11:56:13] [INFO   ] 몬스터 그림린 이/가 데미지를 3 만큼 받았습니다. 
[2024-01-10 11:56:13] [INFO   ] 플레이어 nemo 의 현재 체력은 100 입니다 
[2024-01-10 11:56:13] [INFO   ] 몬스터 그림린 의 현재 체력은 76입니다 
[2024-01-10 11:56:13] [INFO   ] monster 그림린 이/가 공격합니다. 
[2024-01-10 11:56:13] [INFO   ] 플레이어 nemo 이/가 데미지를 1 만큼 받았습니다. 
[2024-01-10 11:56:13] [INFO   ] 플레이어 nemo 의 현재 체력은 99 입니다 
[2024-01-10 11:56:13] [INFO   ] 몬스터 그림린 의 현재 체력은 76입니다 
[2024-01-10 11:56:13] [INFO   ] 46 턴입니다. 
[2024-01-10 11:56:13] [INFO   ] 유저가 공격합니다. 
[2024-01-10 11:56:13] [INFO   ] 몬스터 그림린 이/가 데미지를 3 만큼 받았습니다. 
[2024-01-10 11:56:13] [INFO   ] 플레이어 nemo 의 현재 체력은 99 입니다 
[2024-01-10 11:56:13] [INFO   ] 몬스터 그림린 의 현재 체력은 73입니다 
[2024-01-10 11:56:13] [INFO   ] monster 그림린 이/가 공격합니다. 
[2024-01-10 11:56:13] [INFO   ] 플레이어 nemo 이/가 데미지를 1 만큼 받았습니다. 
[2024-01-10 11:56:13] [INFO   ] 플레이어 nemo 의 현재 체력은 98 입니다 
[2024-01-10 11:56:13] [INFO   ] 몬스터 그림린 의 현재 체력은 73입니다 
[2024-01-10 11:56:13] [INFO   ] 47 턴입니다. 
[2024-01-10 11:56:13] [INFO   ] 유저가 공격합니다. 
[2024-01-10 11:56:13] [INFO   ] 몬스터 그림린 이/가 데미지를 3 만큼 받았습니다. 
[2024-01-10 11:56:13] [INFO   ] 플레이어 nemo 의 현재 체력은 98 입니다 
[2024-01-10 11:56:13] [INFO   ] 몬스터 그림린 의 현재 체력은 70입니다 
[2024-01-10 11:56:13] [INFO   ] monster 그림린 이/가 공격합니다. 
[2024-01-10 11:56:13] [INFO   ] 플레이어 nemo 이/가 데미지를 1 만큼 받았습니다. 
[2024-01-10 11:56:13] [INFO   ] 플레이어 nemo 의 현재 체력은 97 입니다 
[2024-01-10 11:56:13] [INFO   ] 몬스터 그림린 의 현재 체력은 70입니다 
[2024-01-10 11:56:13] [INFO   ] 48 턴입니다. 
[2024-01-10 11:56:13] [INFO   ] 유저가 공격합니다. 
[2024-01-10 11:56:13] [INFO   ] 몬스터 그림린 이/가 데미지를 3 만큼 받았습니다. 
[2024-01-10 11:56:13] [INFO   ] 플레이어 nemo 의 현재 체력은 97 입니다 
[2024-01-10 11:56:13] [INFO   ] 몬스터 그림린 의 현재 체력은 67입니다 
[2024-01-10 11:56:13] [INFO   ] monster 그림린 이/가 공격합니다. 
[2024-01-10 11:56:13] [INFO   ] 플레이어 nemo 이/가 데미지를 1 만큼 받았습니다. 
[2024-01-10 11:56:13] [INFO   ] 플레이어 nemo 의 현재 체력은 96 입니다 
[2024-01-10 11:56:13] [INFO   ] 몬스터 그림린 의 현재 체력은 67입니다 
[2024-01-10 11:56:13] [INFO   ] 49 턴입니다. 
[2024-01-10 11:56:13] [INFO   ] 유저가 공격합니다. 
[2024-01-10 11:56:13] [INFO   ] 몬스터 그림린 이/가 데미지를 3 만큼 받았습니다. 
[2024-01-10 11:56:13] [INFO   ] 플레이어 nemo 의 현재 체력은 96 입니다 
[2024-01-10 11:56:13] [INFO   ] 몬스터 그림린 의 현재 체력은 64입니다 
[2024-01-10 11:56:13] [INFO   ] monster 그림린 이/가 공격합니다. 
[2024-01-10 11:56:13] [INFO   ] 플레이어 nemo 이/가 데미지를 1 만큼 받았습니다. 
[2024-01-10 11:56:13] [INFO   ] 플레이어 nemo 의 현재 체력은 95 입니다 
[2024-01-10 11:56:13] [INFO   ] 몬스터 그림린 의 현재 체력은 64입니다 
[2024-01-10 11:56:13] [INFO   ] 50 턴입니다. 
[2024-01-10 11:56:13] [INFO   ] 유저가 공격합니다. 
[2024-01-10 11:56:13] [INFO   ] 몬스터 그림린 이/가 데미지를 3 만큼 받았습니다. 
[2024-01-10 11:56:13] [INFO   ] 플레이어 nemo 의 현재 체력은 95 입니다 
[2024-01-10 11:56:13] [INFO   ] 몬스터 그림린 의 현재 체력은 61입니다 
[2024-01-10 11:56:13] [INFO   ] monster 그림린 이/가 공격합니다. 
[2024-01-10 11:56:13] [INFO   ] 플레이어 nemo 이/가 데미지를 1 만큼 받았습니다. 
[2024-01-10 11:56:13] [INFO   ] 플레이어 nemo 의 현재 체력은 94 입니다 
[2024-01-10 11:56:13] [INFO   ] 몬스터 그림린 의 현재 체력은 61입니다 
[2024-01-10 11:56:13] [INFO   ] 51 턴입니다. 
[2024-01-10 11:56:13] [INFO   ] 유저가 공격합니다. 
[2024-01-10 11:56:13] [INFO   ] 몬스터 그림린 이/가 데미지를 3 만큼 받았습니다. 
[2024-01-10 11:56:13] [INFO   ] 플레이어 nemo 의 현재 체력은 94 입니다 
[2024-01-10 11:56:13] [INFO   ] 몬스터 그림린 의 현재 체력은 58입니다 
[2024-01-10 11:56:13] [INFO   ] monster 그림린 이/가 공격합니다. 
[2024-01-10 11:56:13] [INFO   ] 플레이어 nemo 이/가 데미지를 1 만큼 받았습니다. 
[2024-01-10 11:56:13] [INFO   ] 플레이어 nemo 의 현재 체력은 93 입니다 
[2024-01-10 11:56:13] [INFO   ] 몬스터 그림린 의 현재 체력은 58입니다 
[2024-01-10 11:56:13] [INFO   ] 52 턴입니다. 
[2024-01-10 11:56:13] [INFO   ] 유저가 공격합니다. 
[2024-01-10 11:56:13] [INFO   ] 몬스터 그림린 이/가 데미지를 3 만큼 받았습니다. 
[2024-01-10 11:56:13] [INFO   ] 플레이어 nemo 의 현재 체력은 93 입니다 
[2024-01-10 11:56:13] [INFO   ] 몬스터 그림린 의 현재 체력은 55입니다 
[2024-01-10 11:56:13] [INFO   ] monster 그림린 이/가 공격합니다. 
[2024-01-10 11:56:13] [INFO   ] 플레이어 nemo 이/가 데미지를 1 만큼 받았습니다. 
[2024-01-10 11:56:13] [INFO   ] 플레이어 nemo 의 현재 체력은 92 입니다 
[2024-01-10 11:56:13] [INFO   ] 몬스터 그림린 의 현재 체력은 55입니다 
[2024-01-10 11:56:13] [INFO   ] 53 턴입니다. 
[2024-01-10 11:56:13] [INFO   ] 유저가 공격합니다. 
[2024-01-10 11:56:13] [INFO   ] 몬스터 그림린 이/가 데미지를 3 만큼 받았습니다. 
[2024-01-10 11:56:13] [INFO   ] 플레이어 nemo 의 현재 체력은 92 입니다 
[2024-01-10 11:56:13] [INFO   ] 몬스터 그림린 의 현재 체력은 52입니다 
[2024-01-10 11:56:13] [INFO   ] monster 그림린 이/가 공격합니다. 
[2024-01-10 11:56:13] [INFO   ] 플레이어 nemo 이/가 데미지를 1 만큼 받았습니다. 
[2024-01-10 11:56:13] [INFO   ] 플레이어 nemo 의 현재 체력은 91 입니다 
[2024-01-10 11:56:13] [INFO   ] 몬스터 그림린 의 현재 체력은 52입니다 
[2024-01-10 11:56:13] [INFO   ] 54 턴입니다. 
[2024-01-10 11:56:13] [INFO   ] 유저가 공격합니다. 
[2024-01-10 11:56:13] [INFO   ] 몬스터 그림린 이/가 데미지를 3 만큼 받았습니다. 
[2024-01-10 11:56:13] [INFO   ] 플레이어 nemo 의 현재 체력은 91 입니다 
[2024-01-10 11:56:13] [INFO   ] 몬스터 그림린 의 현재 체력은 49입니다 
[2024-01-10 11:56:13] [INFO   ] monster 그림린 이/가 공격합니다. 
[2024-01-10 11:56:13] [INFO   ] 플레이어 nemo 이/가 데미지를 1 만큼 받았습니다. 
[2024-01-10 11:56:13] [INFO   ] 플레이어 nemo 의 현재 체력은 90 입니다 
[2024-01-10 11:56:13] [INFO   ] 몬스터 그림린 의 현재 체력은 49입니다 
[2024-01-10 11:56:13] [INFO   ] 55 턴입니다. 
[2024-01-10 11:56:13] [INFO   ] 유저가 공격합니다. 
[2024-01-10 11:56:13] [INFO   ] 몬스터 그림린 이/가 데미지를 3 만큼 받았습니다. 
[2024-01-10 11:56:13] [INFO   ] 플레이어 nemo 의 현재 체력은 90 입니다 
[2024-01-10 11:56:13] [INFO   ] 몬스터 그림린 의 현재 체력은 46입니다 
[2024-01-10 11:56:13] [INFO   ] monster 그림린 이/가 공격합니다. 
[2024-01-10 11:56:13] [INFO   ] 플레이어 nemo 이/가 데미지를 1 만큼 받았습니다. 
[2024-01-10 11:56:13] [INFO   ] 플레이어 nemo 의 현재 체력은 89 입니다 
[2024-01-10 11:56:13] [INFO   ] 몬스터 그림린 의 현재 체력은 46입니다 
[2024-01-10 11:56:13] [INFO   ] 56 턴입니다. 
[2024-01-10 11:56:13] [INFO   ] 유저가 공격합니다. 
[2024-01-10 11:56:13] [INFO   ] 몬스터 그림린 이/가 데미지를 3 만큼 받았습니다. 
[2024-01-10 11:56:13] [INFO   ] 플레이어 nemo 의 현재 체력은 89 입니다 
[2024-01-10 11:56:13] [INFO   ] 몬스터 그림린 의 현재 체력은 43입니다 
[2024-01-10 11:56:13] [INFO   ] monster 그림린 이/가 공격합니다. 
[2024-01-10 11:56:13] [INFO   ] 플레이어 nemo 이/가 데미지를 1 만큼 받았습니다. 
[2024-01-10 11:56:13] [INFO   ] 플레이어 nemo 의 현재 체력은 88 입니다 
[2024-01-10 11:56:13] [INFO   ] 몬스터 그림린 의 현재 체력은 43입니다 
[2024-01-10 11:56:13] [INFO   ] 57 턴입니다. 
[2024-01-10 11:56:13] [INFO   ] 유저가 공격합니다. 
[2024-01-10 11:56:13] [INFO   ] 몬스터 그림린 이/가 데미지를 3 만큼 받았습니다. 
[2024-01-10 11:56:13] [INFO   ] 플레이어 nemo 의 현재 체력은 88 입니다 
[2024-01-10 11:56:13] [INFO   ] 몬스터 그림린 의 현재 체력은 40입니다 
[2024-01-10 11:56:13] [INFO   ] monster 그림린 이/가 공격합니다. 
[2024-01-10 11:56:13] [INFO   ] 플레이어 nemo 이/가 데미지를 1 만큼 받았습니다. 
[2024-01-10 11:56:13] [INFO   ] 플레이어 nemo 의 현재 체력은 87 입니다 
[2024-01-10 11:56:13] [INFO   ] 몬스터 그림린 의 현재 체력은 40입니다 
[2024-01-10 11:56:13] [INFO   ] 58 턴입니다. 
[2024-01-10 11:56:13] [INFO   ] 유저가 공격합니다. 
[2024-01-10 11:56:13] [INFO   ] 몬스터 그림린 이/가 데미지를 3 만큼 받았습니다. 
[2024-01-10 11:56:13] [INFO   ] 플레이어 nemo 의 현재 체력은 87 입니다 
[2024-01-10 11:56:13] [INFO   ] 몬스터 그림린 의 현재 체력은 37입니다 
[2024-01-10 11:56:13] [INFO   ] monster 그림린 이/가 공격합니다. 
[2024-01-10 11:56:13] [INFO   ] 플레이어 nemo 이/가 데미지를 1 만큼 받았습니다. 
[2024-01-10 11:56:13] [INFO   ] 플레이어 nemo 의 현재 체력은 86 입니다 
[2024-01-10 11:56:13] [INFO   ] 몬스터 그림린 의 현재 체력은 37입니다 
[2024-01-10 11:56:13] [INFO   ] 59 턴입니다. 
[2024-01-10 11:56:13] [INFO   ] 유저가 공격합니다. 
[2024-01-10 11:56:13] [INFO   ] 몬스터 그림린 이/가 데미지를 3 만큼 받았습니다. 
[2024-01-10 11:56:13] [INFO   ] 플레이어 nemo 의 현재 체력은 86 입니다 
[2024-01-10 11:56:13] [INFO   ] 몬스터 그림린 의 현재 체력은 34입니다 
[2024-01-10 11:56:13] [INFO   ] monster 그림린 이/가 공격합니다. 
[2024-01-10 11:56:13] [INFO   ] 플레이어 nemo 이/가 데미지를 1 만큼 받았습니다. 
[2024-01-10 11:56:13] [INFO   ] 플레이어 nemo 의 현재 체력은 85 입니다 
[2024-01-10 11:56:13] [INFO   ] 몬스터 그림린 의 현재 체력은 34입니다 
[2024-01-10 11:56:13] [INFO   ] 60 턴입니다. 
[2024-01-10 11:56:13] [INFO   ] 유저가 공격합니다. 
[2024-01-10 11:56:13] [INFO   ] 몬스터 그림린 이/가 데미지를 3 만큼 받았습니다. 
[2024-01-10 11:56:13] [INFO   ] 플레이어 nemo 의 현재 체력은 85 입니다 
[2024-01-10 11:56:13] [INFO   ] 몬스터 그림린 의 현재 체력은 31입니다 
[2024-01-10 11:56:13] [INFO   ] monster 그림린 이/가 공격합니다. 
[2024-01-10 11:56:13] [INFO   ] 플레이어 nemo 이/가 데미지를 1 만큼 받았습니다. 
[2024-01-10 11:56:13] [INFO   ] 플레이어 nemo 의 현재 체력은 84 입니다 
[2024-01-10 11:56:13] [INFO   ] 몬스터 그림린 의 현재 체력은 31입니다 
[2024-01-10 11:56:13] [INFO   ] 61 턴입니다. 
[2024-01-10 11:56:13] [INFO   ] 유저가 공격합니다. 
[2024-01-10 11:56:13] [INFO   ] 몬스터 그림린 이/가 데미지를 3 만큼 받았습니다. 
[2024-01-10 11:56:13] [INFO   ] 플레이어 nemo 의 현재 체력은 84 입니다 
[2024-01-10 11:56:13] [INFO   ] 몬스터 그림린 의 현재 체력은 28입니다 
[2024-01-10 11:56:13] [INFO   ] monster 그림린 이/가 공격합니다. 
[2024-01-10 11:56:13] [INFO   ] 플레이어 nemo 이/가 데미지를 1 만큼 받았습니다. 
[2024-01-10 11:56:13] [INFO   ] 플레이어 nemo 의 현재 체력은 83 입니다 
[2024-01-10 11:56:13] [INFO   ] 몬스터 그림린 의 현재 체력은 28입니다 
[2024-01-10 11:56:13] [INFO   ] 62 턴입니다. 
[2024-01-10 11:56:13] [INFO   ] 유저가 공격합니다. 
[2024-01-10 11:56:13] [INFO   ] 몬스터 그림린 이/가 데미지를 3 만큼 받았습니다. 
[2024-01-10 11:56:13] [INFO   ] 플레이어 nemo 의 현재 체력은 83 입니다 
[2024-01-10 11:56:13] [INFO   ] 몬스터 그림린 의 현재 체력은 25입니다 
[2024-01-10 11:56:13] [INFO   ] monster 그림린 이/가 공격합니다. 
[2024-01-10 11:56:13] [INFO   ] 플레이어 nemo 이/가 데미지를 1 만큼 받았습니다. 
[2024-01-10 11:56:13] [INFO   ] 플레이어 nemo 의 현재 체력은 82 입니다 
[2024-01-10 11:56:13] [INFO   ] 몬스터 그림린 의 현재 체력은 25입니다 
[2024-01-10 11:56:13] [INFO   ] 63 턴입니다. 
[2024-01-10 11:56:13] [INFO   ] 유저가 공격합니다. 
[2024-01-10 11:56:13] [INFO   ] 몬스터 그림린 이/가 데미지를 3 만큼 받았습니다. 
[2024-01-10 11:56:13] [INFO   ] 플레이어 nemo 의 현재 체력은 82 입니다 
[2024-01-10 11:56:13] [INFO   ] 몬스터 그림린 의 현재 체력은 22입니다 
[2024-01-10 11:56:13] [INFO   ] monster 그림린 이/가 공격합니다. 
[2024-01-10 11:56:13] [INFO   ] 플레이어 nemo 이/가 데미지를 1 만큼 받았습니다. 
[2024-01-10 11:56:13] [INFO   ] 플레이어 nemo 의 현재 체력은 81 입니다 
[2024-01-10 11:56:13] [INFO   ] 몬스터 그림린 의 현재 체력은 22입니다 
[2024-01-10 11:56:13] [INFO   ] 64 턴입니다. 
[2024-01-10 11:56:13] [INFO   ] 유저가 공격합니다. 
[2024-01-10 11:56:13] [INFO   ] 몬스터 그림린 이/가 데미지를 3 만큼 받았습니다. 
[2024-01-10 11:56:13] [INFO   ] 플레이어 nemo 의 현재 체력은 81 입니다 
[2024-01-10 11:56:13] [INFO   ] 몬스터 그림린 의 현재 체력은 19입니다 
[2024-01-10 11:56:13] [INFO   ] monster 그림린 이/가 공격합니다. 
[2024-01-10 11:56:13] [INFO   ] 플레이어 nemo 이/가 데미지를 1 만큼 받았습니다. 
[2024-01-10 11:56:13] [INFO   ] 플레이어 nemo 의 현재 체력은 80 입니다 
[2024-01-10 11:56:13] [INFO   ] 몬스터 그림린 의 현재 체력은 19입니다 
[2024-01-10 11:56:13] [INFO   ] 65 턴입니다. 
[2024-01-10 11:56:13] [INFO   ] 유저가 공격합니다. 
[2024-01-10 11:56:13] [INFO   ] 몬스터 그림린 이/가 데미지를 3 만큼 받았습니다. 
[2024-01-10 11:56:13] [INFO   ] 플레이어 nemo 의 현재 체력은 80 입니다 
[2024-01-10 11:56:13] [INFO   ] 몬스터 그림린 의 현재 체력은 16입니다 
[2024-01-10 11:56:13] [INFO   ] monster 그림린 이/가 공격합니다. 
[2024-01-10 11:56:13] [INFO   ] 플레이어 nemo 이/가 데미지를 1 만큼 받았습니다. 
[2024-01-10 11:56:13] [INFO   ] 플레이어 nemo 의 현재 체력은 79 입니다 
[2024-01-10 11:56:13] [INFO   ] 몬스터 그림린 의 현재 체력은 16입니다 
[2024-01-10 11:56:13] [INFO   ] 66 턴입니다. 
[2024-01-10 11:56:13] [INFO   ] 유저가 공격합니다. 
[2024-01-10 11:56:13] [INFO   ] 몬스터 그림린 이/가 데미지를 3 만큼 받았습니다. 
[2024-01-10 11:56:13] [INFO   ] 플레이어 nemo 의 현재 체력은 79 입니다 
[2024-01-10 11:56:13] [INFO   ] 몬스터 그림린 의 현재 체력은 13입니다 
[2024-01-10 11:56:13] [INFO   ] monster 그림린 이/가 공격합니다. 
[2024-01-10 11:56:13] [INFO   ] 플레이어 nemo 이/가 데미지를 1 만큼 받았습니다. 
[2024-01-10 11:56:13] [INFO   ] 플레이어 nemo 의 현재 체력은 78 입니다 
[2024-01-10 11:56:13] [INFO   ] 몬스터 그림린 의 현재 체력은 13입니다 
[2024-01-10 11:56:13] [INFO   ] 67 턴입니다. 
[2024-01-10 11:56:13] [INFO   ] 유저가 공격합니다. 
[2024-01-10 11:56:13] [INFO   ] 몬스터 그림린 이/가 데미지를 3 만큼 받았습니다. 
[2024-01-10 11:56:13] [INFO   ] 플레이어 nemo 의 현재 체력은 78 입니다 
[2024-01-10 11:56:13] [INFO   ] 몬스터 그림린 의 현재 체력은 10입니다 
[2024-01-10 11:56:13] [INFO   ] monster 그림린 이/가 공격합니다. 
[2024-01-10 11:56:13] [INFO   ] 플레이어 nemo 이/가 데미지를 1 만큼 받았습니다. 
[2024-01-10 11:56:13] [INFO   ] 플레이어 nemo 의 현재 체력은 77 입니다 
[2024-01-10 11:56:13] [INFO   ] 몬스터 그림린 의 현재 체력은 10입니다 
[2024-01-10 11:56:13] [INFO   ] 68 턴입니다. 
[2024-01-10 11:56:13] [INFO   ] 유저가 공격합니다. 
[2024-01-10 11:56:13] [INFO   ] 몬스터 그림린 이/가 데미지를 3 만큼 받았습니다. 
[2024-01-10 11:56:13] [INFO   ] 플레이어 nemo 의 현재 체력은 77 입니다 
[2024-01-10 11:56:13] [INFO   ] 몬스터 그림린 의 현재 체력은 7입니다 
[2024-01-10 11:56:13] [INFO   ] monster 그림린 이/가 공격합니다. 
[2024-01-10 11:56:13] [INFO   ] 플레이어 nemo 이/가 데미지를 1 만큼 받았습니다. 
[2024-01-10 11:56:13] [INFO   ] 플레이어 nemo 의 현재 체력은 76 입니다 
[2024-01-10 11:56:13] [INFO   ] 몬스터 그림린 의 현재 체력은 7입니다 
[2024-01-10 11:56:13] [INFO   ] 69 턴입니다. 
[2024-01-10 11:56:13] [INFO   ] 유저가 공격합니다. 
[2024-01-10 11:56:13] [INFO   ] 몬스터 그림린 이/가 데미지를 3 만큼 받았습니다. 
[2024-01-10 11:56:13] [INFO   ] 플레이어 nemo 의 현재 체력은 76 입니다 
[2024-01-10 11:56:13] [INFO   ] 몬스터 그림린 의 현재 체력은 4입니다 
[2024-01-10 11:56:13] [INFO   ] monster 그림린 이/가 공격합니다. 
[2024-01-10 11:56:13] [INFO   ] 플레이어 nemo 이/가 데미지를 1 만큼 받았습니다. 
[2024-01-10 11:56:13] [INFO   ] 플레이어 nemo 의 현재 체력은 75 입니다 
[2024-01-10 11:56:13] [INFO   ] 몬스터 그림린 의 현재 체력은 4입니다 
[2024-01-10 11:56:13] [INFO   ] 70 턴입니다. 
[2024-01-10 11:56:13] [INFO   ] 유저가 공격합니다. 
[2024-01-10 11:56:13] [INFO   ] 몬스터 그림린 이/가 데미지를 3 만큼 받았습니다. 
[2024-01-10 11:56:13] [INFO   ] 플레이어 nemo 의 현재 체력은 75 입니다 
[2024-01-10 11:56:13] [INFO   ] 몬스터 그림린 의 현재 체력은 1입니다 
[2024-01-10 11:56:13] [INFO   ] monster 그림린 이/가 공격합니다. 
[2024-01-10 11:56:13] [INFO   ] 플레이어 nemo 이/가 데미지를 1 만큼 받았습니다. 
[2024-01-10 11:56:13] [INFO   ] 플레이어 nemo 의 현재 체력은 74 입니다 
[2024-01-10 11:56:13] [INFO   ] 몬스터 그림린 의 현재 체력은 1입니다 
[2024-01-10 11:56:13] [INFO   ] 71 턴입니다. 
[2024-01-10 11:56:13] [INFO   ] 유저가 공격합니다. 
[2024-01-10 11:56:13] [INFO   ] 몬스터 그림린 이/가 데미지를 3 만큼 받았습니다. 
[2024-01-10 11:56:13] [INFO   ] 플레이어 nemo 의 현재 체력은 74 입니다 
[2024-01-10 11:56:13] [INFO   ] 몬스터 그림린 의 현재 체력은 -2입니다 
[2024-01-10 11:56:13] [SEVERE ] 몬스터 그림린 이/가 죽었습니다. 
[2024-01-10 11:56:13] [INFO   ] battle stage가 종료합니다. 
[2024-01-10 11:56:15] [INFO   ] item stage에 진입했습니다. 
[2024-01-10 11:56:15] [INFO   ] 72 턴입니다. 
[2024-01-10 11:56:15] [INFO   ] nemo가 무기 책 장착에 실패했습니다. 
[2024-01-10 11:56:15] [INFO   ] STR 타입 무기 책 을/를 주웠습니다. 
[2024-01-10 11:58:42] [INFO   ] item stage에 진입했습니다. 
[2024-01-10 11:58:42] [INFO   ] 73 턴입니다. 
[2024-01-10 11:58:42] [INFO   ] nemo가 무기 도끼 장착에 실패했습니다. 
[2024-01-10 11:58:42] [INFO   ] DEX 타입 무기 도끼 을/를 주웠습니다. 
[2024-01-10 11:58:51] [INFO   ] item stage에 진입했습니다. 
[2024-01-10 11:58:51] [INFO   ] 74 턴입니다. 
[2024-01-10 11:58:51] [INFO   ] nemo가 무기 소드 장착에 실패했습니다. 
[2024-01-10 11:58:51] [INFO   ] DEX 타입 무기 소드 을/를 주웠습니다. 
[2024-01-10 11:58:54] [INFO   ] item stage에 진입했습니다. 
[2024-01-10 11:58:54] [INFO   ] 75 턴입니다. 
[2024-01-10 11:58:54] [INFO   ] nemo가 무기 활 장착에 실패했습니다. 
[2024-01-10 11:58:54] [INFO   ] INT 타입 무기 활 을/를 주웠습니다. 
[2024-01-10 11:58:55] [INFO   ] item stage에 진입했습니다. 
[2024-01-10 11:58:55] [INFO   ] 76 턴입니다. 
[2024-01-10 11:58:55] [INFO   ] nemo가 무기 단검 장착에 실패했습니다. 
[2024-01-10 11:58:55] [INFO   ] INT 타입 무기 단검 을/를 주웠습니다. 
[2024-01-10 11:58:56] [INFO   ] item stage에 진입했습니다. 
[2024-01-10 11:58:56] [INFO   ] 77 턴입니다. 
[2024-01-10 11:58:56] [INFO   ] nemo가 무기 망치 장착에 실패했습니다. 
[2024-01-10 11:58:56] [INFO   ] DEX 타입 무기 망치 을/를 주웠습니다. 
[2024-01-10 11:58:57] [INFO   ] battle stage에 진입했습니다. 
[2024-01-10 11:58:57] [INFO   ] monster 유니콘 을/를 생성했습니다. 
[2024-01-10 11:58:57] [INFO   ] 78 턴입니다. 
[2024-01-10 11:58:57] [INFO   ] 유저가 공격합니다. 
[2024-01-10 11:58:57] [INFO   ] 몬스터 유니콘 이/가 데미지를 3 만큼 받았습니다. 
[2024-01-10 11:58:57] [INFO   ] 플레이어 nemo 의 현재 체력은 74 입니다 
[2024-01-10 11:58:57] [INFO   ] 몬스터 유니콘 의 현재 체력은 97입니다 
[2024-01-10 11:58:57] [INFO   ] monster 유니콘 이/가 공격합니다. 
[2024-01-10 11:58:57] [INFO   ] 플레이어 nemo 이/가 데미지를 3 만큼 받았습니다. 
[2024-01-10 11:58:57] [INFO   ] 플레이어 nemo 의 현재 체력은 71 입니다 
[2024-01-10 11:58:57] [INFO   ] 몬스터 유니콘 의 현재 체력은 97입니다 
[2024-01-10 11:58:57] [INFO   ] 79 턴입니다. 
[2024-01-10 11:58:57] [INFO   ] 유저가 공격합니다. 
[2024-01-10 11:58:57] [INFO   ] 몬스터 유니콘 이/가 데미지를 3 만큼 받았습니다. 
[2024-01-10 11:58:57] [INFO   ] 플레이어 nemo 의 현재 체력은 71 입니다 
[2024-01-10 11:58:57] [INFO   ] 몬스터 유니콘 의 현재 체력은 94입니다 
[2024-01-10 11:58:57] [INFO   ] monster 유니콘 이/가 공격합니다. 
[2024-01-10 11:58:57] [INFO   ] 플레이어 nemo 이/가 데미지를 3 만큼 받았습니다. 
[2024-01-10 11:58:57] [INFO   ] 플레이어 nemo 의 현재 체력은 68 입니다 
[2024-01-10 11:58:57] [INFO   ] 몬스터 유니콘 의 현재 체력은 94입니다 
[2024-01-10 11:58:57] [INFO   ] 80 턴입니다. 
[2024-01-10 11:58:57] [INFO   ] 유저가 공격합니다. 
[2024-01-10 11:58:57] [INFO   ] 몬스터 유니콘 이/가 데미지를 3 만큼 받았습니다. 
[2024-01-10 11:58:57] [INFO   ] 플레이어 nemo 의 현재 체력은 68 입니다 
[2024-01-10 11:58:57] [INFO   ] 몬스터 유니콘 의 현재 체력은 91입니다 
[2024-01-10 11:58:57] [INFO   ] monster 유니콘 이/가 공격합니다. 
[2024-01-10 11:58:57] [INFO   ] 플레이어 nemo 이/가 데미지를 3 만큼 받았습니다. 
[2024-01-10 11:58:57] [INFO   ] 플레이어 nemo 의 현재 체력은 65 입니다 
[2024-01-10 11:58:57] [INFO   ] 몬스터 유니콘 의 현재 체력은 91입니다 
[2024-01-10 11:58:57] [INFO   ] 81 턴입니다. 
[2024-01-10 11:58:57] [INFO   ] 유저가 공격합니다. 
[2024-01-10 11:58:57] [INFO   ] 몬스터 유니콘 이/가 데미지를 3 만큼 받았습니다. 
[2024-01-10 11:58:57] [INFO   ] 플레이어 nemo 의 현재 체력은 65 입니다 
[2024-01-10 11:58:57] [INFO   ] 몬스터 유니콘 의 현재 체력은 88입니다 
[2024-01-10 11:58:57] [INFO   ] monster 유니콘 이/가 공격합니다. 
[2024-01-10 11:58:57] [INFO   ] 플레이어 nemo 이/가 데미지를 3 만큼 받았습니다. 
[2024-01-10 11:58:57] [INFO   ] 플레이어 nemo 의 현재 체력은 62 입니다 
[2024-01-10 11:58:57] [INFO   ] 몬스터 유니콘 의 현재 체력은 88입니다 
[2024-01-10 11:58:57] [INFO   ] 82 턴입니다. 
[2024-01-10 11:58:57] [INFO   ] 유저가 공격합니다. 
[2024-01-10 11:58:57] [INFO   ] 몬스터 유니콘 이/가 데미지를 3 만큼 받았습니다. 
[2024-01-10 11:58:57] [INFO   ] 플레이어 nemo 의 현재 체력은 62 입니다 
[2024-01-10 11:58:57] [INFO   ] 몬스터 유니콘 의 현재 체력은 85입니다 
[2024-01-10 11:58:57] [INFO   ] monster 유니콘 이/가 공격합니다. 
[2024-01-10 11:58:57] [INFO   ] 플레이어 nemo 이/가 데미지를 3 만큼 받았습니다. 
[2024-01-10 11:58:57] [INFO   ] 플레이어 nemo 의 현재 체력은 59 입니다 
[2024-01-10 11:58:57] [INFO   ] 몬스터 유니콘 의 현재 체력은 85입니다 
[2024-01-10 11:58:57] [INFO   ] 83 턴입니다. 
[2024-01-10 11:58:57] [INFO   ] 유저가 공격합니다. 
[2024-01-10 11:58:57] [INFO   ] 몬스터 유니콘 이/가 데미지를 3 만큼 받았습니다. 
[2024-01-10 11:58:57] [INFO   ] 플레이어 nemo 의 현재 체력은 59 입니다 
[2024-01-10 11:58:57] [INFO   ] 몬스터 유니콘 의 현재 체력은 82입니다 
[2024-01-10 11:58:57] [INFO   ] monster 유니콘 이/가 공격합니다. 
[2024-01-10 11:58:57] [INFO   ] 플레이어 nemo 이/가 데미지를 3 만큼 받았습니다. 
[2024-01-10 11:58:57] [INFO   ] 플레이어 nemo 의 현재 체력은 56 입니다 
[2024-01-10 11:58:57] [INFO   ] 몬스터 유니콘 의 현재 체력은 82입니다 
[2024-01-10 11:58:57] [INFO   ] 84 턴입니다. 
[2024-01-10 11:58:57] [INFO   ] 유저가 공격합니다. 
[2024-01-10 11:58:57] [INFO   ] 몬스터 유니콘 이/가 데미지를 3 만큼 받았습니다. 
[2024-01-10 11:58:57] [INFO   ] 플레이어 nemo 의 현재 체력은 56 입니다 
[2024-01-10 11:58:57] [INFO   ] 몬스터 유니콘 의 현재 체력은 79입니다 
[2024-01-10 11:58:57] [INFO   ] monster 유니콘 이/가 공격합니다. 
[2024-01-10 11:58:57] [INFO   ] 플레이어 nemo 이/가 데미지를 3 만큼 받았습니다. 
[2024-01-10 11:58:57] [INFO   ] 플레이어 nemo 의 현재 체력은 53 입니다 
[2024-01-10 11:58:57] [INFO   ] 몬스터 유니콘 의 현재 체력은 79입니다 
[2024-01-10 11:58:57] [INFO   ] 85 턴입니다. 
[2024-01-10 11:58:57] [INFO   ] 유저가 공격합니다. 
[2024-01-10 11:58:57] [INFO   ] 몬스터 유니콘 이/가 데미지를 3 만큼 받았습니다. 
[2024-01-10 11:58:57] [INFO   ] 플레이어 nemo 의 현재 체력은 53 입니다 
[2024-01-10 11:58:57] [INFO   ] 몬스터 유니콘 의 현재 체력은 76입니다 
[2024-01-10 11:58:57] [INFO   ] monster 유니콘 이/가 공격합니다. 
[2024-01-10 11:58:57] [INFO   ] 플레이어 nemo 이/가 데미지를 3 만큼 받았습니다. 
[2024-01-10 11:58:57] [INFO   ] 플레이어 nemo 의 현재 체력은 50 입니다 
[2024-01-10 11:58:57] [INFO   ] 몬스터 유니콘 의 현재 체력은 76입니다 
[2024-01-10 11:58:57] [INFO   ] 86 턴입니다. 
[2024-01-10 11:58:57] [INFO   ] 유저가 공격합니다. 
[2024-01-10 11:58:57] [INFO   ] 몬스터 유니콘 이/가 데미지를 3 만큼 받았습니다. 
[2024-01-10 11:58:57] [INFO   ] 플레이어 nemo 의 현재 체력은 50 입니다 
[2024-01-10 11:58:57] [INFO   ] 몬스터 유니콘 의 현재 체력은 73입니다 
[2024-01-10 11:58:57] [INFO   ] monster 유니콘 이/가 공격합니다. 
[2024-01-10 11:58:57] [INFO   ] 플레이어 nemo 이/가 데미지를 3 만큼 받았습니다. 
[2024-01-10 11:58:57] [INFO   ] 플레이어 nemo 의 현재 체력은 47 입니다 
[2024-01-10 11:58:57] [INFO   ] 몬스터 유니콘 의 현재 체력은 73입니다 
[2024-01-10 11:58:57] [INFO   ] 87 턴입니다. 
[2024-01-10 11:58:57] [INFO   ] 유저가 공격합니다. 
[2024-01-10 11:58:57] [INFO   ] 몬스터 유니콘 이/가 데미지를 3 만큼 받았습니다. 
[2024-01-10 11:58:57] [INFO   ] 플레이어 nemo 의 현재 체력은 47 입니다 
[2024-01-10 11:58:57] [INFO   ] 몬스터 유니콘 의 현재 체력은 70입니다 
[2024-01-10 11:58:57] [INFO   ] monster 유니콘 이/가 공격합니다. 
[2024-01-10 11:58:57] [INFO   ] 플레이어 nemo 이/가 데미지를 3 만큼 받았습니다. 
[2024-01-10 11:58:57] [INFO   ] 플레이어 nemo 의 현재 체력은 44 입니다 
[2024-01-10 11:58:57] [INFO   ] 몬스터 유니콘 의 현재 체력은 70입니다 
[2024-01-10 11:58:57] [INFO   ] 88 턴입니다. 
[2024-01-10 11:58:57] [INFO   ] 유저가 공격합니다. 
[2024-01-10 11:58:57] [INFO   ] 몬스터 유니콘 이/가 데미지를 3 만큼 받았습니다. 
[2024-01-10 11:58:57] [INFO   ] 플레이어 nemo 의 현재 체력은 44 입니다 
[2024-01-10 11:58:57] [INFO   ] 몬스터 유니콘 의 현재 체력은 67입니다 
[2024-01-10 11:58:57] [INFO   ] monster 유니콘 이/가 공격합니다. 
[2024-01-10 11:58:57] [INFO   ] 플레이어 nemo 이/가 데미지를 3 만큼 받았습니다. 
[2024-01-10 11:58:57] [INFO   ] 플레이어 nemo 의 현재 체력은 41 입니다 
[2024-01-10 11:58:57] [INFO   ] 몬스터 유니콘 의 현재 체력은 67입니다 
[2024-01-10 11:58:57] [INFO   ] 89 턴입니다. 
[2024-01-10 11:58:57] [INFO   ] 유저가 공격합니다. 
[2024-01-10 11:58:57] [INFO   ] 몬스터 유니콘 이/가 데미지를 3 만큼 받았습니다. 
[2024-01-10 11:58:57] [INFO   ] 플레이어 nemo 의 현재 체력은 41 입니다 
[2024-01-10 11:58:57] [INFO   ] 몬스터 유니콘 의 현재 체력은 64입니다 
[2024-01-10 11:58:57] [INFO   ] monster 유니콘 이/가 공격합니다. 
[2024-01-10 11:58:57] [INFO   ] 플레이어 nemo 이/가 데미지를 3 만큼 받았습니다. 
[2024-01-10 11:58:57] [INFO   ] 플레이어 nemo 의 현재 체력은 38 입니다 
[2024-01-10 11:58:57] [INFO   ] 몬스터 유니콘 의 현재 체력은 64입니다 
[2024-01-10 11:58:57] [INFO   ] 90 턴입니다. 
[2024-01-10 11:58:57] [INFO   ] 유저가 공격합니다. 
[2024-01-10 11:58:57] [INFO   ] 몬스터 유니콘 이/가 데미지를 3 만큼 받았습니다. 
[2024-01-10 11:58:57] [INFO   ] 플레이어 nemo 의 현재 체력은 38 입니다 
[2024-01-10 11:58:57] [INFO   ] 몬스터 유니콘 의 현재 체력은 61입니다 
[2024-01-10 11:58:57] [INFO   ] monster 유니콘 이/가 공격합니다. 
[2024-01-10 11:58:57] [INFO   ] 플레이어 nemo 이/가 데미지를 3 만큼 받았습니다. 
[2024-01-10 11:58:57] [INFO   ] 플레이어 nemo 의 현재 체력은 35 입니다 
[2024-01-10 11:58:57] [INFO   ] 몬스터 유니콘 의 현재 체력은 61입니다 
[2024-01-10 11:58:57] [INFO   ] 91 턴입니다. 
[2024-01-10 11:58:57] [INFO   ] 유저가 공격합니다. 
[2024-01-10 11:58:57] [INFO   ] 몬스터 유니콘 이/가 데미지를 3 만큼 받았습니다. 
[2024-01-10 11:58:57] [INFO   ] 플레이어 nemo 의 현재 체력은 35 입니다 
[2024-01-10 11:58:57] [INFO   ] 몬스터 유니콘 의 현재 체력은 58입니다 
[2024-01-10 11:58:57] [INFO   ] monster 유니콘 이/가 공격합니다. 
[2024-01-10 11:58:57] [INFO   ] 플레이어 nemo 이/가 데미지를 3 만큼 받았습니다. 
[2024-01-10 11:58:57] [INFO   ] 플레이어 nemo 의 현재 체력은 32 입니다 
[2024-01-10 11:58:57] [INFO   ] 몬스터 유니콘 의 현재 체력은 58입니다 
[2024-01-10 11:58:57] [INFO   ] 92 턴입니다. 
[2024-01-10 11:58:57] [INFO   ] 유저가 공격합니다. 
[2024-01-10 11:58:57] [INFO   ] 몬스터 유니콘 이/가 데미지를 3 만큼 받았습니다. 
[2024-01-10 11:58:57] [INFO   ] 플레이어 nemo 의 현재 체력은 32 입니다 
[2024-01-10 11:58:57] [INFO   ] 몬스터 유니콘 의 현재 체력은 55입니다 
[2024-01-10 11:58:57] [INFO   ] monster 유니콘 이/가 공격합니다. 
[2024-01-10 11:58:57] [INFO   ] 플레이어 nemo 이/가 데미지를 3 만큼 받았습니다. 
[2024-01-10 11:58:57] [INFO   ] 플레이어 nemo 의 현재 체력은 29 입니다 
[2024-01-10 11:58:57] [INFO   ] 몬스터 유니콘 의 현재 체력은 55입니다 
[2024-01-10 11:58:57] [INFO   ] 93 턴입니다. 
[2024-01-10 11:58:57] [INFO   ] 유저가 공격합니다. 
[2024-01-10 11:58:57] [INFO   ] 몬스터 유니콘 이/가 데미지를 3 만큼 받았습니다. 
[2024-01-10 11:58:57] [INFO   ] 플레이어 nemo 의 현재 체력은 29 입니다 
[2024-01-10 11:58:57] [INFO   ] 몬스터 유니콘 의 현재 체력은 52입니다 
[2024-01-10 11:58:57] [INFO   ] monster 유니콘 이/가 공격합니다. 
[2024-01-10 11:58:57] [INFO   ] 플레이어 nemo 이/가 데미지를 3 만큼 받았습니다. 
[2024-01-10 11:58:57] [INFO   ] 플레이어 nemo 의 현재 체력은 26 입니다 
[2024-01-10 11:58:57] [INFO   ] 몬스터 유니콘 의 현재 체력은 52입니다 
[2024-01-10 11:58:57] [INFO   ] 94 턴입니다. 
[2024-01-10 11:58:57] [INFO   ] 유저가 공격합니다. 
[2024-01-10 11:58:57] [INFO   ] 몬스터 유니콘 이/가 데미지를 3 만큼 받았습니다. 
[2024-01-10 11:58:57] [INFO   ] 플레이어 nemo 의 현재 체력은 26 입니다 
[2024-01-10 11:58:57] [INFO   ] 몬스터 유니콘 의 현재 체력은 49입니다 
[2024-01-10 11:58:57] [INFO   ] monster 유니콘 이/가 공격합니다. 
[2024-01-10 11:58:57] [INFO   ] 플레이어 nemo 이/가 데미지를 3 만큼 받았습니다. 
[2024-01-10 11:58:57] [INFO   ] 플레이어 nemo 의 현재 체력은 23 입니다 
[2024-01-10 11:58:57] [INFO   ] 몬스터 유니콘 의 현재 체력은 49입니다 
[2024-01-10 11:58:57] [INFO   ] 95 턴입니다. 
[2024-01-10 11:58:57] [INFO   ] 유저가 공격합니다. 
[2024-01-10 11:58:57] [INFO   ] 몬스터 유니콘 이/가 데미지를 3 만큼 받았습니다. 
[2024-01-10 11:58:57] [INFO   ] 플레이어 nemo 의 현재 체력은 23 입니다 
[2024-01-10 11:58:57] [INFO   ] 몬스터 유니콘 의 현재 체력은 46입니다 
[2024-01-10 11:58:57] [INFO   ] monster 유니콘 이/가 공격합니다. 
[2024-01-10 11:58:57] [INFO   ] 플레이어 nemo 이/가 데미지를 3 만큼 받았습니다. 
[2024-01-10 11:58:57] [INFO   ] 플레이어 nemo 의 현재 체력은 20 입니다 
[2024-01-10 11:58:57] [INFO   ] 몬스터 유니콘 의 현재 체력은 46입니다 
[2024-01-10 11:58:57] [INFO   ] 96 턴입니다. 
[2024-01-10 11:58:57] [INFO   ] 유저가 공격합니다. 
[2024-01-10 11:58:57] [INFO   ] 몬스터 유니콘 이/가 데미지를 3 만큼 받았습니다. 
[2024-01-10 11:58:57] [INFO   ] 플레이어 nemo 의 현재 체력은 20 입니다 
[2024-01-10 11:58:57] [INFO   ] 몬스터 유니콘 의 현재 체력은 43입니다 
[2024-01-10 11:58:57] [INFO   ] monster 유니콘 이/가 공격합니다. 
[2024-01-10 11:58:57] [INFO   ] 플레이어 nemo 이/가 데미지를 3 만큼 받았습니다. 
[2024-01-10 11:58:57] [INFO   ] 플레이어 nemo 의 현재 체력은 17 입니다 
[2024-01-10 11:58:57] [INFO   ] 몬스터 유니콘 의 현재 체력은 43입니다 
[2024-01-10 11:58:57] [INFO   ] 97 턴입니다. 
[2024-01-10 11:58:57] [INFO   ] 유저가 공격합니다. 
[2024-01-10 11:58:57] [INFO   ] 몬스터 유니콘 이/가 데미지를 3 만큼 받았습니다. 
[2024-01-10 11:58:57] [INFO   ] 플레이어 nemo 의 현재 체력은 17 입니다 
[2024-01-10 11:58:57] [INFO   ] 몬스터 유니콘 의 현재 체력은 40입니다 
[2024-01-10 11:58:57] [INFO   ] monster 유니콘 이/가 공격합니다. 
[2024-01-10 11:58:57] [INFO   ] 플레이어 nemo 이/가 데미지를 3 만큼 받았습니다. 
[2024-01-10 11:58:57] [INFO   ] 플레이어 nemo 의 현재 체력은 14 입니다 
[2024-01-10 11:58:57] [INFO   ] 몬스터 유니콘 의 현재 체력은 40입니다 
[2024-01-10 11:58:57] [INFO   ] 98 턴입니다. 
[2024-01-10 11:58:57] [INFO   ] 유저가 공격합니다. 
[2024-01-10 11:58:57] [INFO   ] 몬스터 유니콘 이/가 데미지를 3 만큼 받았습니다. 
[2024-01-10 11:58:57] [INFO   ] 플레이어 nemo 의 현재 체력은 14 입니다 
[2024-01-10 11:58:57] [INFO   ] 몬스터 유니콘 의 현재 체력은 37입니다 
[2024-01-10 11:58:57] [INFO   ] monster 유니콘 이/가 공격합니다. 
[2024-01-10 11:58:57] [INFO   ] 플레이어 nemo 이/가 데미지를 3 만큼 받았습니다. 
[2024-01-10 11:58:57] [INFO   ] 플레이어 nemo 의 현재 체력은 11 입니다 
[2024-01-10 11:58:57] [INFO   ] 몬스터 유니콘 의 현재 체력은 37입니다 
[2024-01-10 11:58:57] [INFO   ] 99 턴입니다. 
[2024-01-10 11:58:57] [INFO   ] 유저가 공격합니다. 
[2024-01-10 11:58:57] [INFO   ] 몬스터 유니콘 이/가 데미지를 3 만큼 받았습니다. 
[2024-01-10 11:58:57] [INFO   ] 플레이어 nemo 의 현재 체력은 11 입니다 
[2024-01-10 11:58:57] [INFO   ] 몬스터 유니콘 의 현재 체력은 34입니다 
[2024-01-10 11:58:57] [INFO   ] monster 유니콘 이/가 공격합니다. 
[2024-01-10 11:58:57] [INFO   ] 플레이어 nemo 이/가 데미지를 3 만큼 받았습니다. 
[2024-01-10 11:58:57] [INFO   ] 플레이어 nemo 의 현재 체력은 8 입니다 
[2024-01-10 11:58:57] [INFO   ] 몬스터 유니콘 의 현재 체력은 34입니다 
[2024-01-10 11:58:57] [INFO   ] 100 턴입니다. 
[2024-01-10 11:58:57] [INFO   ] 유저가 공격합니다. 
[2024-01-10 11:58:57] [INFO   ] 몬스터 유니콘 이/가 데미지를 3 만큼 받았습니다. 
[2024-01-10 11:58:57] [INFO   ] 플레이어 nemo 의 현재 체력은 8 입니다 
[2024-01-10 11:58:57] [INFO   ] 몬스터 유니콘 의 현재 체력은 31입니다 
[2024-01-10 11:58:57] [INFO   ] monster 유니콘 이/가 공격합니다. 
[2024-01-10 11:58:57] [INFO   ] 플레이어 nemo 이/가 데미지를 3 만큼 받았습니다. 
[2024-01-10 11:58:57] [INFO   ] 플레이어 nemo 의 현재 체력은 5 입니다 
[2024-01-10 11:58:57] [INFO   ] 몬스터 유니콘 의 현재 체력은 31입니다 
[2024-01-10 11:58:57] [INFO   ] 101 턴입니다. 
[2024-01-10 11:58:57] [INFO   ] 유저가 공격합니다. 
[2024-01-10 11:58:57] [INFO   ] 몬스터 유니콘 이/가 데미지를 3 만큼 받았습니다. 
[2024-01-10 11:58:57] [INFO   ] 플레이어 nemo 의 현재 체력은 5 입니다 
[2024-01-10 11:58:57] [INFO   ] 몬스터 유니콘 의 현재 체력은 28입니다 
[2024-01-10 11:58:57] [INFO   ] monster 유니콘 이/가 공격합니다. 
[2024-01-10 11:58:57] [INFO   ] 플레이어 nemo 이/가 데미지를 3 만큼 받았습니다. 
[2024-01-10 11:58:57] [INFO   ] 플레이어 nemo 의 현재 체력은 2 입니다 
[2024-01-10 11:58:57] [INFO   ] 몬스터 유니콘 의 현재 체력은 28입니다 
[2024-01-10 11:58:57] [INFO   ] 102 턴입니다. 
[2024-01-10 11:58:57] [INFO   ] 유저가 공격합니다. 
[2024-01-10 11:58:57] [INFO   ] 몬스터 유니콘 이/가 데미지를 3 만큼 받았습니다. 
[2024-01-10 11:58:57] [INFO   ] 플레이어 nemo 의 현재 체력은 2 입니다 
[2024-01-10 11:58:57] [INFO   ] 몬스터 유니콘 의 현재 체력은 25입니다 
[2024-01-10 11:58:57] [INFO   ] monster 유니콘 이/가 공격합니다. 
[2024-01-10 11:58:57] [INFO   ] 플레이어 nemo 이/가 데미지를 3 만큼 받았습니다. 
[2024-01-10 11:58:57] [INFO   ] 플레이어 nemo 의 현재 체력은 -1 입니다 
[2024-01-10 11:58:57] [INFO   ] 몬스터 유니콘 의 현재 체력은 25입니다 
[2024-01-10 11:58:57] [SEVERE ] 플레이어 nemo 이/가 죽었습니다. 
[2024-01-10 11:58:57] [INFO   ] battle stage가 종료합니다. 
